<?xml version="1.0" encoding="UTF-8"?>
<!-- Generated by org.testng.reporters.JUnitReportReporter -->
<testsuite skipped="0" hostname="LAPTOP-AK5AECC5" name="com.bikes.testCases.UsedCarsTest" tests="1" failures="0" timestamp="16 Apr 2021 04:18:37 GMT" time="17.741" errors="0">
  <testcase name="selectChennai" time="17.741" classname="com.bikes.testCases.UsedCarsTest"/>
</testsuite> <!-- com.bikes.testCases.UsedCarsTest -->
