<?xml version="1.0" encoding="UTF-8"?>
<!-- Generated by org.testng.reporters.JUnitReportReporter -->
<testsuite skipped="0" hostname="LAPTOP-AK5AECC5" name="com.bikes.testCases.LoginTest" tests="1" failures="0" timestamp="16 Apr 2021 04:18:37 GMT" time="34.217" errors="0">
  <testcase name="clickLogin2" time="34.217" classname="com.bikes.testCases.LoginTest"/>
</testsuite> <!-- com.bikes.testCases.LoginTest -->
